<?xml version="1.0" encoding="UTF-8"?>
<coverage generated="1727302807084" clover="3.2.0">
  <project timestamp="1727302807084" name="All files">
    <metrics statements="61" coveredstatements="61" conditionals="28" coveredconditionals="27" methods="22" coveredmethods="22" elements="111" coveredelements="110" complexity="0" loc="61" ncloc="61" packages="1" files="1" classes="1"/>
    <file name="App.tsx" path="/Users/achintyachatterjee/Desktop/Real Dev Squad/lift-simulation-in-react/src/App.tsx">
      <metrics statements="61" coveredstatements="61" conditionals="28" coveredconditionals="27" methods="22" coveredmethods="22"/>
      <line num="1" count="1" type="stmt"/>
      <line num="11" count="1" type="stmt"/>
      <line num="12" count="36" type="stmt"/>
      <line num="13" count="35" type="stmt"/>
      <line num="14" count="35" type="stmt"/>
      <line num="15" count="35" type="stmt"/>
      <line num="17" count="35" type="stmt"/>
      <line num="18" count="27" type="stmt"/>
      <line num="25" count="6" type="stmt"/>
      <line num="28" count="35" type="stmt"/>
      <line num="29" count="3" type="stmt"/>
      <line num="32" count="35" type="stmt"/>
      <line num="33" count="5" type="cond" truecount="2" falsecount="0"/>
      <line num="40" count="1" type="stmt"/>
      <line num="42" count="4" type="stmt"/>
      <line num="43" count="4" type="stmt"/>
      <line num="53" count="35" type="stmt"/>
      <line num="54" count="12" type="cond" truecount="1" falsecount="0"/>
      <line num="55" count="3" type="stmt"/>
      <line num="59" count="35" type="stmt"/>
      <line num="60" count="3" type="stmt"/>
      <line num="62" count="3" type="cond" truecount="1" falsecount="0"/>
      <line num="63" count="3" type="stmt"/>
      <line num="64" count="6" type="cond" truecount="1" falsecount="0"/>
      <line num="65" count="3" type="stmt"/>
      <line num="66" count="3" type="cond" truecount="1" falsecount="1"/>
      <line num="69" count="3" type="stmt"/>
      <line num="70" count="3" type="stmt"/>
      <line num="71" count="3" type="stmt"/>
      <line num="72" count="3" type="cond" truecount="1" falsecount="0"/>
      <line num="73" count="3" type="stmt"/>
      <line num="74" count="3" type="stmt"/>
      <line num="75" count="3" type="stmt"/>
      <line num="76" count="3" type="stmt"/>
      <line num="78" count="3" type="stmt"/>
      <line num="79" count="3" type="stmt"/>
      <line num="80" count="3" type="stmt"/>
      <line num="81" count="3" type="cond" truecount="1" falsecount="0"/>
      <line num="82" count="3" type="stmt"/>
      <line num="83" count="3" type="stmt"/>
      <line num="84" count="3" type="stmt"/>
      <line num="90" count="6" type="stmt"/>
      <line num="93" count="3" type="stmt"/>
      <line num="97" count="35" type="stmt"/>
      <line num="98" count="3" type="stmt"/>
      <line num="99" count="3" type="stmt"/>
      <line num="101" count="3" type="stmt"/>
      <line num="102" count="6" type="cond" truecount="1" falsecount="0"/>
      <line num="103" count="6" type="stmt"/>
      <line num="104" count="6" type="cond" truecount="1" falsecount="0"/>
      <line num="105" count="3" type="stmt"/>
      <line num="106" count="3" type="stmt"/>
      <line num="111" count="3" type="stmt"/>
      <line num="114" count="35" type="stmt"/>
      <line num="119" count="4" type="stmt"/>
      <line num="131" count="6" type="stmt"/>
      <line num="149" count="6" type="stmt"/>
      <line num="170" count="543" type="stmt"/>
      <line num="173" count="3" type="stmt"/>
      <line num="183" count="69" type="stmt"/>
      <line num="208" count="1" type="stmt"/>
    </file>
  </project>
</coverage>
