{"/Users/achintyachatterjee/Desktop/Real Dev Squad/lift-simulation-in-react/src/App.tsx": {"path":"/Users/achintyachatterjee/Desktop/Real Dev Squad/lift-simulation-in-react/src/App.tsx","statementMap":{"0":{"start":{"line":1,"column":0},"end":{"line":1,"column":51}},"1":{"start":{"line":11,"column":22},"end":{"line":206,"column":1}},"2":{"start":{"line":12,"column":30},"end":{"line":12,"column":59}},"3":{"start":{"line":13,"column":28},"end":{"line":13,"column":48}},"4":{"start":{"line":14,"column":28},"end":{"line":14,"column":57}},"5":{"start":{"line":15,"column":34},"end":{"line":15,"column":56}},"6":{"start":{"line":17,"column":26},"end":{"line":26,"column":3}},"7":{"start":{"line":18,"column":25},"end":{"line":24,"column":7}},"8":{"start":{"line":18,"column":73},"end":{"line":24,"column":6}},"9":{"start":{"line":25,"column":4},"end":{"line":25,"column":27}},"10":{"start":{"line":28,"column":22},"end":{"line":30,"column":3}},"11":{"start":{"line":29,"column":4},"end":{"line":29,"column":44}},"12":{"start":{"line":29,"column":26},"end":{"line":29,"column":42}},"13":{"start":{"line":32,"column":32},"end":{"line":51,"column":3}},"14":{"start":{"line":33,"column":4},"end":{"line":50,"column":5}},"15":{"start":{"line":40,"column":6},"end":{"line":40,"column":73}},"16":{"start":{"line":42,"column":6},"end":{"line":42,"column":21}},"17":{"start":{"line":43,"column":6},"end":{"line":49,"column":8}},"18":{"start":{"line":53,"column":2},"end":{"line":57,"column":17}},"19":{"start":{"line":54,"column":4},"end":{"line":56,"column":5}},"20":{"start":{"line":55,"column":6},"end":{"line":55,"column":27}},"21":{"start":{"line":59,"column":29},"end":{"line":95,"column":3}},"22":{"start":{"line":60,"column":26},"end":{"line":60,"column":54}},"23":{"start":{"line":62,"column":4},"end":{"line":94,"column":5}},"24":{"start":{"line":63,"column":27},"end":{"line":91,"column":8}},"25":{"start":{"line":64,"column":8},"end":{"line":89,"column":9}},"26":{"start":{"line":65,"column":10},"end":{"line":65,"column":31}},"27":{"start":{"line":66,"column":10},"end":{"line":66,"column":75}},"28":{"start":{"line":69,"column":10},"end":{"line":88,"column":63}},"29":{"start":{"line":70,"column":29},"end":{"line":70,"column":39}},"30":{"start":{"line":71,"column":31},"end":{"line":71,"column":69}},"31":{"start":{"line":71,"column":52},"end":{"line":71,"column":68}},"32":{"start":{"line":72,"column":12},"end":{"line":87,"column":13}},"33":{"start":{"line":73,"column":14},"end":{"line":73,"column":52}},"34":{"start":{"line":74,"column":14},"end":{"line":74,"column":42}},"35":{"start":{"line":75,"column":14},"end":{"line":75,"column":42}},"36":{"start":{"line":76,"column":14},"end":{"line":76,"column":33}},"37":{"start":{"line":78,"column":14},"end":{"line":86,"column":23}},"38":{"start":{"line":79,"column":36},"end":{"line":79,"column":46}},"39":{"start":{"line":80,"column":36},"end":{"line":80,"column":77}},"40":{"start":{"line":80,"column":60},"end":{"line":80,"column":76}},"41":{"start":{"line":81,"column":16},"end":{"line":85,"column":17}},"42":{"start":{"line":82,"column":18},"end":{"line":82,"column":48}},"43":{"start":{"line":83,"column":18},"end":{"line":83,"column":40}},"44":{"start":{"line":84,"column":18},"end":{"line":84,"column":55}},"45":{"start":{"line":84,"column":40},"end":{"line":84,"column":53}},"46":{"start":{"line":90,"column":8},"end":{"line":90,"column":20}},"47":{"start":{"line":93,"column":6},"end":{"line":93,"column":29}},"48":{"start":{"line":97,"column":26},"end":{"line":112,"column":3}},"49":{"start":{"line":98,"column":35},"end":{"line":98,"column":39}},"50":{"start":{"line":99,"column":22},"end":{"line":99,"column":30}},"51":{"start":{"line":101,"column":4},"end":{"line":109,"column":7}},"52":{"start":{"line":102,"column":6},"end":{"line":108,"column":7}},"53":{"start":{"line":103,"column":25},"end":{"line":103,"column":69}},"54":{"start":{"line":104,"column":8},"end":{"line":107,"column":9}},"55":{"start":{"line":105,"column":10},"end":{"line":105,"column":33}},"56":{"start":{"line":106,"column":10},"end":{"line":106,"column":29}},"57":{"start":{"line":111,"column":4},"end":{"line":111,"column":23}},"58":{"start":{"line":114,"column":2},"end":{"line":205,"column":4}},"59":{"start":{"line":119,"column":31},"end":{"line":119,"column":49}},"60":{"start":{"line":131,"column":31},"end":{"line":131,"column":64}},"61":{"start":{"line":149,"column":31},"end":{"line":149,"column":70}},"62":{"start":{"line":170,"column":12},"end":{"line":171,"column":null}},"63":{"start":{"line":173,"column":29},"end":{"line":173,"column":51}},"64":{"start":{"line":183,"column":12},"end":{"line":184,"column":null}},"65":{"start":{"line":208,"column":0},"end":{"line":208,"column":19}}},"fnMap":{"0":{"name":"(anonymous_0)","decl":{"start":{"line":11,"column":22},"end":{"line":11,"column":25}},"loc":{"start":{"line":11,"column":27},"end":{"line":206,"column":1}}},"1":{"name":"(anonymous_1)","decl":{"start":{"line":17,"column":26},"end":{"line":17,"column":27}},"loc":{"start":{"line":17,"column":47},"end":{"line":26,"column":3}}},"2":{"name":"(anonymous_2)","decl":{"start":{"line":18,"column":58},"end":{"line":18,"column":59}},"loc":{"start":{"line":18,"column":73},"end":{"line":24,"column":6}}},"3":{"name":"(anonymous_3)","decl":{"start":{"line":28,"column":22},"end":{"line":28,"column":23}},"loc":{"start":{"line":28,"column":40},"end":{"line":30,"column":3}}},"4":{"name":"(anonymous_4)","decl":{"start":{"line":29,"column":16},"end":{"line":29,"column":17}},"loc":{"start":{"line":29,"column":26},"end":{"line":29,"column":42}}},"5":{"name":"(anonymous_5)","decl":{"start":{"line":32,"column":32},"end":{"line":32,"column":35}},"loc":{"start":{"line":32,"column":37},"end":{"line":51,"column":3}}},"6":{"name":"(anonymous_6)","decl":{"start":{"line":53,"column":12},"end":{"line":53,"column":15}},"loc":{"start":{"line":53,"column":17},"end":{"line":57,"column":3}}},"7":{"name":"(anonymous_7)","decl":{"start":{"line":59,"column":29},"end":{"line":59,"column":32}},"loc":{"start":{"line":59,"column":34},"end":{"line":95,"column":3}}},"8":{"name":"(anonymous_8)","decl":{"start":{"line":63,"column":37},"end":{"line":63,"column":38}},"loc":{"start":{"line":63,"column":46},"end":{"line":91,"column":7}}},"9":{"name":"(anonymous_9)","decl":{"start":{"line":69,"column":21},"end":{"line":69,"column":24}},"loc":{"start":{"line":69,"column":26},"end":{"line":88,"column":11}}},"10":{"name":"(anonymous_10)","decl":{"start":{"line":71,"column":45},"end":{"line":71,"column":46}},"loc":{"start":{"line":71,"column":52},"end":{"line":71,"column":68}}},"11":{"name":"(anonymous_11)","decl":{"start":{"line":78,"column":25},"end":{"line":78,"column":28}},"loc":{"start":{"line":78,"column":30},"end":{"line":86,"column":15}}},"12":{"name":"(anonymous_12)","decl":{"start":{"line":80,"column":53},"end":{"line":80,"column":54}},"loc":{"start":{"line":80,"column":60},"end":{"line":80,"column":76}}},"13":{"name":"(anonymous_13)","decl":{"start":{"line":84,"column":30},"end":{"line":84,"column":31}},"loc":{"start":{"line":84,"column":40},"end":{"line":84,"column":53}}},"14":{"name":"(anonymous_14)","decl":{"start":{"line":97,"column":26},"end":{"line":97,"column":27}},"loc":{"start":{"line":97,"column":66},"end":{"line":112,"column":3}}},"15":{"name":"(anonymous_15)","decl":{"start":{"line":101,"column":18},"end":{"line":101,"column":19}},"loc":{"start":{"line":101,"column":27},"end":{"line":109,"column":5}}},"16":{"name":"(anonymous_16)","decl":{"start":{"line":119,"column":24},"end":{"line":119,"column":25}},"loc":{"start":{"line":119,"column":31},"end":{"line":119,"column":49}}},"17":{"name":"(anonymous_17)","decl":{"start":{"line":131,"column":24},"end":{"line":131,"column":25}},"loc":{"start":{"line":131,"column":31},"end":{"line":131,"column":64}}},"18":{"name":"(anonymous_18)","decl":{"start":{"line":149,"column":24},"end":{"line":149,"column":25}},"loc":{"start":{"line":149,"column":31},"end":{"line":149,"column":70}}},"19":{"name":"(anonymous_19)","decl":{"start":{"line":169,"column":47},"end":{"line":169,"column":48}},"loc":{"start":{"line":170,"column":12},"end":{"line":171,"column":null}}},"20":{"name":"(anonymous_20)","decl":{"start":{"line":173,"column":23},"end":{"line":173,"column":26}},"loc":{"start":{"line":173,"column":29},"end":{"line":173,"column":51}}},"21":{"name":"(anonymous_21)","decl":{"start":{"line":182,"column":21},"end":{"line":182,"column":22}},"loc":{"start":{"line":183,"column":12},"end":{"line":184,"column":null}}}},"branchMap":{"0":{"loc":{"start":{"line":33,"column":4},"end":{"line":50,"column":5}},"type":"if","locations":[{"start":{"line":33,"column":4},"end":{"line":50,"column":5}},{"start":{"line":41,"column":11},"end":{"line":50,"column":5}}]},"1":{"loc":{"start":{"line":34,"column":6},"end":{"line":38,"column":23}},"type":"binary-expr","locations":[{"start":{"line":34,"column":6},"end":{"line":34,"column":13}},{"start":{"line":35,"column":6},"end":{"line":35,"column":16}},{"start":{"line":36,"column":6},"end":{"line":36,"column":18}},{"start":{"line":37,"column":6},"end":{"line":37,"column":22}},{"start":{"line":38,"column":6},"end":{"line":38,"column":23}}]},"2":{"loc":{"start":{"line":54,"column":4},"end":{"line":56,"column":5}},"type":"if","locations":[{"start":{"line":54,"column":4},"end":{"line":56,"column":5}}]},"3":{"loc":{"start":{"line":62,"column":4},"end":{"line":94,"column":5}},"type":"if","locations":[{"start":{"line":62,"column":4},"end":{"line":94,"column":5}}]},"4":{"loc":{"start":{"line":64,"column":8},"end":{"line":89,"column":9}},"type":"if","locations":[{"start":{"line":64,"column":8},"end":{"line":89,"column":9}}]},"5":{"loc":{"start":{"line":66,"column":27},"end":{"line":66,"column":74}},"type":"cond-expr","locations":[{"start":{"line":66,"column":61},"end":{"line":66,"column":65}},{"start":{"line":66,"column":68},"end":{"line":66,"column":74}}]},"6":{"loc":{"start":{"line":72,"column":12},"end":{"line":87,"column":13}},"type":"if","locations":[{"start":{"line":72,"column":12},"end":{"line":87,"column":13}}]},"7":{"loc":{"start":{"line":81,"column":16},"end":{"line":85,"column":17}},"type":"if","locations":[{"start":{"line":81,"column":16},"end":{"line":85,"column":17}}]},"8":{"loc":{"start":{"line":102,"column":6},"end":{"line":108,"column":7}},"type":"if","locations":[{"start":{"line":102,"column":6},"end":{"line":108,"column":7}}]},"9":{"loc":{"start":{"line":104,"column":8},"end":{"line":107,"column":9}},"type":"if","locations":[{"start":{"line":104,"column":8},"end":{"line":107,"column":9}}]},"10":{"loc":{"start":{"line":130,"column":21},"end":{"line":130,"column":33}},"type":"binary-expr","locations":[{"start":{"line":130,"column":21},"end":{"line":130,"column":27}},{"start":{"line":130,"column":31},"end":{"line":130,"column":33}}]},"11":{"loc":{"start":{"line":157,"column":11},"end":{"line":157,"column":67}},"type":"binary-expr","locations":[{"start":{"line":157,"column":11},"end":{"line":157,"column":16}},{"start":{"line":157,"column":20},"end":{"line":157,"column":67}}]},"12":{"loc":{"start":{"line":169,"column":32},"end":{"line":169,"column":43}},"type":"binary-expr","locations":[{"start":{"line":169,"column":32},"end":{"line":169,"column":38}},{"start":{"line":169,"column":42},"end":{"line":169,"column":43}}]},"13":{"loc":{"start":{"line":192,"column":25},"end":{"line":192,"column":58}},"type":"cond-expr","locations":[{"start":{"line":192,"column":41},"end":{"line":192,"column":49}},{"start":{"line":192,"column":52},"end":{"line":192,"column":58}}]},"14":{"loc":{"start":{"line":195,"column":28},"end":{"line":195,"column":52}},"type":"binary-expr","locations":[{"start":{"line":195,"column":28},"end":{"line":195,"column":42}},{"start":{"line":195,"column":46},"end":{"line":195,"column":52}}]},"15":{"loc":{"start":{"line":198,"column":24},"end":{"line":198,"column":58}},"type":"cond-expr","locations":[{"start":{"line":198,"column":41},"end":{"line":198,"column":47}},{"start":{"line":198,"column":50},"end":{"line":198,"column":58}}]}},"s":{"0":1,"1":1,"2":36,"3":35,"4":35,"5":35,"6":35,"7":6,"8":27,"9":6,"10":35,"11":3,"12":3,"13":35,"14":5,"15":1,"16":4,"17":4,"18":35,"19":12,"20":3,"21":35,"22":3,"23":3,"24":3,"25":6,"26":3,"27":3,"28":3,"29":3,"30":3,"31":3,"32":3,"33":3,"34":3,"35":3,"36":3,"37":3,"38":3,"39":3,"40":3,"41":3,"42":3,"43":3,"44":3,"45":1,"46":6,"47":3,"48":35,"49":3,"50":3,"51":3,"52":6,"53":6,"54":6,"55":3,"56":3,"57":3,"58":35,"59":4,"60":6,"61":6,"62":543,"63":3,"64":69,"65":1},"f":{"0":36,"1":6,"2":27,"3":3,"4":3,"5":5,"6":12,"7":3,"8":6,"9":3,"10":3,"11":3,"12":3,"13":1,"14":3,"15":6,"16":4,"17":6,"18":6,"19":543,"20":3,"21":69},"b":{"0":[1,4],"1":[5,5,5,4,4],"2":[3],"3":[3],"4":[3],"5":[3,0],"6":[3],"7":[3],"8":[6],"9":[3],"10":[35,8],"11":[35,1],"12":[35,8],"13":[3,66],"14":[69,62],"15":[3,66]}}
}
