TN:
SF:src/App.tsx
FN:11,(anonymous_0)
FN:17,(anonymous_1)
FN:18,(anonymous_2)
FN:28,(anonymous_3)
FN:29,(anonymous_4)
FN:32,(anonymous_5)
FN:53,(anonymous_6)
FN:59,(anonymous_7)
FN:63,(anonymous_8)
FN:69,(anonymous_9)
FN:71,(anonymous_10)
FN:78,(anonymous_11)
FN:80,(anonymous_12)
FN:84,(anonymous_13)
FN:97,(anonymous_14)
FN:101,(anonymous_15)
FN:119,(anonymous_16)
FN:131,(anonymous_17)
FN:149,(anonymous_18)
FN:169,(anonymous_19)
FN:173,(anonymous_20)
FN:182,(anonymous_21)
FNF:22
FNH:22
FNDA:36,(anonymous_0)
FNDA:6,(anonymous_1)
FNDA:27,(anonymous_2)
FNDA:3,(anonymous_3)
FNDA:3,(anonymous_4)
FNDA:5,(anonymous_5)
FNDA:12,(anonymous_6)
FNDA:3,(anonymous_7)
FNDA:6,(anonymous_8)
FNDA:3,(anonymous_9)
FNDA:3,(anonymous_10)
FNDA:3,(anonymous_11)
FNDA:3,(anonymous_12)
FNDA:1,(anonymous_13)
FNDA:3,(anonymous_14)
FNDA:6,(anonymous_15)
FNDA:4,(anonymous_16)
FNDA:6,(anonymous_17)
FNDA:6,(anonymous_18)
FNDA:543,(anonymous_19)
FNDA:3,(anonymous_20)
FNDA:69,(anonymous_21)
DA:1,1
DA:11,1
DA:12,36
DA:13,35
DA:14,35
DA:15,35
DA:17,35
DA:18,27
DA:25,6
DA:28,35
DA:29,3
DA:32,35
DA:33,5
DA:40,1
DA:42,4
DA:43,4
DA:53,35
DA:54,12
DA:55,3
DA:59,35
DA:60,3
DA:62,3
DA:63,3
DA:64,6
DA:65,3
DA:66,3
DA:69,3
DA:70,3
DA:71,3
DA:72,3
DA:73,3
DA:74,3
DA:75,3
DA:76,3
DA:78,3
DA:79,3
DA:80,3
DA:81,3
DA:82,3
DA:83,3
DA:84,3
DA:90,6
DA:93,3
DA:97,35
DA:98,3
DA:99,3
DA:101,3
DA:102,6
DA:103,6
DA:104,6
DA:105,3
DA:106,3
DA:111,3
DA:114,35
DA:119,4
DA:131,6
DA:149,6
DA:170,543
DA:173,3
DA:183,69
DA:208,1
LF:61
LH:61
BRDA:33,0,0,1
BRDA:33,0,1,4
BRDA:34,1,0,5
BRDA:34,1,1,5
BRDA:34,1,2,5
BRDA:34,1,3,4
BRDA:34,1,4,4
BRDA:54,2,0,3
BRDA:62,3,0,3
BRDA:64,4,0,3
BRDA:66,5,0,3
BRDA:66,5,1,0
BRDA:72,6,0,3
BRDA:81,7,0,3
BRDA:102,8,0,6
BRDA:104,9,0,3
BRDA:130,10,0,35
BRDA:130,10,1,8
BRDA:157,11,0,35
BRDA:157,11,1,1
BRDA:169,12,0,35
BRDA:169,12,1,8
BRDA:192,13,0,3
BRDA:192,13,1,66
BRDA:195,14,0,69
BRDA:195,14,1,62
BRDA:198,15,0,3
BRDA:198,15,1,66
BRF:28
BRH:27
end_of_record
